2020-04-04 17:28:16,440 - [basisfunc.py-->line:17] - INFO: 正在通过>>>>xpath查找元素>>>>//input[@class="form-control username"]
2020-04-04 17:28:16,549 - [basisfunc.py-->line:17] - INFO: 正在通过>>>>xpath查找元素>>>>//input[@type="password"]
2020-04-04 17:28:16,598 - [basisfunc.py-->line:17] - INFO: 正在通过>>>>xpath查找元素>>>>//button[@type="button"]
2020-04-04 17:28:16,633 - [basisfunc.py-->line:17] - INFO: 正在通过>>>>xpath查找元素>>>>//div[@class="layui-layer-content"]
2020-04-04 17:28:26,514 - [basisfunc.py-->line:17] - INFO: 正在通过>>>>xpath查找元素>>>>//input[@class="form-control username"]
2020-04-04 17:28:26,565 - [basisfunc.py-->line:17] - INFO: 正在通过>>>>xpath查找元素>>>>//input[@type="password"]
2020-04-04 17:28:26,611 - [basisfunc.py-->line:17] - INFO: 正在通过>>>>xpath查找元素>>>>//button[@type="button"]
2020-04-04 17:28:26,647 - [basisfunc.py-->line:17] - INFO: 正在通过>>>>xpath查找元素>>>>//div[@class="layui-layer-content"]
2020-04-04 17:28:35,883 - [basisfunc.py-->line:17] - INFO: 正在通过>>>>xpath查找元素>>>>//input[@class="form-control username"]
2020-04-04 17:28:35,943 - [basisfunc.py-->line:17] - INFO: 正在通过>>>>xpath查找元素>>>>//input[@type="password"]
2020-04-04 17:28:36,012 - [basisfunc.py-->line:17] - INFO: 正在通过>>>>xpath查找元素>>>>//button[@type="button"]
2020-04-04 17:28:36,068 - [basisfunc.py-->line:17] - INFO: 正在通过>>>>xpath查找元素>>>>//div[@class="form-error-info"]
2020-04-04 17:28:45,638 - [basisfunc.py-->line:17] - INFO: 正在通过>>>>xpath查找元素>>>>//input[@class="form-control username"]
2020-04-04 17:28:45,686 - [basisfunc.py-->line:17] - INFO: 正在通过>>>>xpath查找元素>>>>//input[@type="password"]
2020-04-04 17:28:45,729 - [basisfunc.py-->line:17] - INFO: 正在通过>>>>xpath查找元素>>>>//button[@type="button"]
2020-04-04 17:28:45,767 - [basisfunc.py-->line:17] - INFO: 正在通过>>>>xpath查找元素>>>>//div[@class="form-error-info"]
2020-04-04 17:28:54,627 - [basisfunc.py-->line:17] - INFO: 正在通过>>>>xpath查找元素>>>>//input[@class="form-control username"]
2020-04-04 17:28:54,734 - [basisfunc.py-->line:17] - INFO: 正在通过>>>>xpath查找元素>>>>//input[@type="password"]
2020-04-04 17:28:54,777 - [basisfunc.py-->line:17] - INFO: 正在通过>>>>xpath查找元素>>>>//button[@type="button"]
2020-04-04 17:28:54,820 - [basisfunc.py-->line:17] - INFO: 正在通过>>>>xpath查找元素>>>>//div[@class="form-error-info"]
2020-04-04 18:22:57,625 - [basisfunc.py-->line:17] - INFO: 正在通过>>>>xpath查找元素>>>>//input[@class="form-control username"]
2020-04-04 18:22:57,747 - [basisfunc.py-->line:17] - INFO: 正在通过>>>>xpath查找元素>>>>//input[@type="password"]
2020-04-04 18:22:57,856 - [basisfunc.py-->line:17] - INFO: 正在通过>>>>xpath查找元素>>>>//button[@type="button"]
2020-04-04 18:23:09,366 - [basisfunc.py-->line:17] - INFO: 正在通过>>>>xpath查找元素>>>>//input[@class="form-control username"]
2020-04-04 18:23:09,440 - [basisfunc.py-->line:17] - INFO: 正在通过>>>>xpath查找元素>>>>//input[@type="password"]
2020-04-04 18:23:09,497 - [basisfunc.py-->line:17] - INFO: 正在通过>>>>xpath查找元素>>>>//button[@type="button"]
2020-04-04 18:23:19,226 - [basisfunc.py-->line:17] - INFO: 正在通过>>>>xpath查找元素>>>>//input[@class="form-control username"]
2020-04-04 18:23:19,274 - [basisfunc.py-->line:17] - INFO: 正在通过>>>>xpath查找元素>>>>//input[@type="password"]
2020-04-04 18:23:19,323 - [basisfunc.py-->line:17] - INFO: 正在通过>>>>xpath查找元素>>>>//button[@type="button"]
2020-04-04 18:28:50,366 - [basisfunc.py-->line:17] - INFO: 正在通过>>>>xpath查找元素>>>>//input[@class="form-control username"]
2020-04-04 18:28:50,394 - [basisfunc.py-->line:17] - INFO: 正在通过>>>>xpath查找元素>>>>//input[@type="password"]
2020-04-04 18:28:50,443 - [basisfunc.py-->line:17] - INFO: 正在通过>>>>xpath查找元素>>>>//button[@type="button"]
2020-04-04 18:29:03,752 - [basisfunc.py-->line:17] - INFO: 正在通过>>>>xpath查找元素>>>>//input[@class="form-control username"]
2020-04-04 18:29:03,836 - [basisfunc.py-->line:17] - INFO: 正在通过>>>>xpath查找元素>>>>//input[@type="password"]
2020-04-04 18:29:03,876 - [basisfunc.py-->line:17] - INFO: 正在通过>>>>xpath查找元素>>>>//button[@type="button"]
2020-04-04 18:29:15,605 - [basisfunc.py-->line:17] - INFO: 正在通过>>>>xpath查找元素>>>>//input[@class="form-control username"]
2020-04-04 18:29:15,657 - [basisfunc.py-->line:17] - INFO: 正在通过>>>>xpath查找元素>>>>//input[@type="password"]
2020-04-04 18:29:15,704 - [basisfunc.py-->line:17] - INFO: 正在通过>>>>xpath查找元素>>>>//button[@type="button"]
2020-04-04 18:29:25,213 - [basisfunc.py-->line:17] - INFO: 正在通过>>>>xpath查找元素>>>>//input[@class="form-control username"]
2020-04-04 18:29:25,266 - [basisfunc.py-->line:17] - INFO: 正在通过>>>>xpath查找元素>>>>//input[@type="password"]
2020-04-04 18:29:25,316 - [basisfunc.py-->line:17] - INFO: 正在通过>>>>xpath查找元素>>>>//button[@type="button"]
2020-04-04 18:29:34,499 - [basisfunc.py-->line:17] - INFO: 正在通过>>>>xpath查找元素>>>>//input[@class="form-control username"]
2020-04-04 18:29:34,566 - [basisfunc.py-->line:17] - INFO: 正在通过>>>>xpath查找元素>>>>//input[@type="password"]
2020-04-04 18:29:34,617 - [basisfunc.py-->line:17] - INFO: 正在通过>>>>xpath查找元素>>>>//button[@type="button"]
2020-04-04 18:32:00,765 - [basisfunc.py-->line:17] - INFO: 正在通过>>>>xpath查找元素>>>>//input[@class="form-control username"]
2020-04-04 18:32:00,792 - [basisfunc.py-->line:17] - INFO: 正在通过>>>>xpath查找元素>>>>//input[@type="password"]
2020-04-04 18:32:00,847 - [basisfunc.py-->line:17] - INFO: 正在通过>>>>xpath查找元素>>>>//button[@type="button"]
2020-04-04 18:32:09,031 - [basisfunc.py-->line:17] - INFO: 正在通过>>>>xpath查找元素>>>>//input[@class="form-control username"]
2020-04-04 18:32:09,076 - [basisfunc.py-->line:17] - INFO: 正在通过>>>>xpath查找元素>>>>//input[@type="password"]
2020-04-04 18:32:09,115 - [basisfunc.py-->line:17] - INFO: 正在通过>>>>xpath查找元素>>>>//button[@type="button"]
2020-04-04 18:32:18,293 - [basisfunc.py-->line:17] - INFO: 正在通过>>>>xpath查找元素>>>>//input[@class="form-control username"]
2020-04-04 18:32:18,383 - [basisfunc.py-->line:17] - INFO: 正在通过>>>>xpath查找元素>>>>//input[@type="password"]
2020-04-04 18:32:18,431 - [basisfunc.py-->line:17] - INFO: 正在通过>>>>xpath查找元素>>>>//button[@type="button"]
2020-04-04 18:32:27,304 - [basisfunc.py-->line:17] - INFO: 正在通过>>>>xpath查找元素>>>>//input[@class="form-control username"]
2020-04-04 18:32:27,373 - [basisfunc.py-->line:17] - INFO: 正在通过>>>>xpath查找元素>>>>//input[@type="password"]
2020-04-04 18:32:27,417 - [basisfunc.py-->line:17] - INFO: 正在通过>>>>xpath查找元素>>>>//button[@type="button"]
2020-04-04 18:32:36,694 - [basisfunc.py-->line:17] - INFO: 正在通过>>>>xpath查找元素>>>>//input[@class="form-control username"]
2020-04-04 18:32:36,769 - [basisfunc.py-->line:17] - INFO: 正在通过>>>>xpath查找元素>>>>//input[@type="password"]
2020-04-04 18:32:36,814 - [basisfunc.py-->line:17] - INFO: 正在通过>>>>xpath查找元素>>>>//button[@type="button"]
2020-04-04 18:35:18,056 - [basisfunc.py-->line:17] - INFO: 正在通过>>>>xpath查找元素>>>>//input[@class="form-control username"]
2020-04-04 18:35:18,099 - [basisfunc.py-->line:17] - INFO: 正在通过>>>>xpath查找元素>>>>//input[@type="password"]
2020-04-04 18:35:18,142 - [basisfunc.py-->line:17] - INFO: 正在通过>>>>xpath查找元素>>>>//button[@type="button"]
2020-04-04 18:35:27,868 - [basisfunc.py-->line:17] - INFO: 正在通过>>>>xpath查找元素>>>>//input[@class="form-control username"]
2020-04-04 18:35:27,941 - [basisfunc.py-->line:17] - INFO: 正在通过>>>>xpath查找元素>>>>//input[@type="password"]
2020-04-04 18:35:27,982 - [basisfunc.py-->line:17] - INFO: 正在通过>>>>xpath查找元素>>>>//button[@type="button"]
2020-04-04 18:35:36,944 - [basisfunc.py-->line:17] - INFO: 正在通过>>>>xpath查找元素>>>>//input[@class="form-control username"]
2020-04-04 18:35:36,999 - [basisfunc.py-->line:17] - INFO: 正在通过>>>>xpath查找元素>>>>//input[@type="password"]
2020-04-04 18:35:37,034 - [basisfunc.py-->line:17] - INFO: 正在通过>>>>xpath查找元素>>>>//button[@type="button"]
2020-04-04 18:35:46,360 - [basisfunc.py-->line:17] - INFO: 正在通过>>>>xpath查找元素>>>>//input[@class="form-control username"]
2020-04-04 18:35:46,431 - [basisfunc.py-->line:17] - INFO: 正在通过>>>>xpath查找元素>>>>//input[@type="password"]
2020-04-04 18:35:46,471 - [basisfunc.py-->line:17] - INFO: 正在通过>>>>xpath查找元素>>>>//button[@type="button"]
2020-04-04 18:35:57,805 - [basisfunc.py-->line:17] - INFO: 正在通过>>>>xpath查找元素>>>>//input[@class="form-control username"]
2020-04-04 18:35:57,856 - [basisfunc.py-->line:17] - INFO: 正在通过>>>>xpath查找元素>>>>//input[@type="password"]
2020-04-04 18:35:57,907 - [basisfunc.py-->line:17] - INFO: 正在通过>>>>xpath查找元素>>>>//button[@type="button"]
2020-04-04 19:32:28,152 - [basisfunc.py-->line:17] - INFO: 正在通过>>>>xpath查找元素>>>>//input[@class="form-control username"]
2020-04-04 19:32:28,538 - [basisfunc.py-->line:17] - INFO: 正在通过>>>>xpath查找元素>>>>//input[@type="password"]
2020-04-04 19:32:28,808 - [basisfunc.py-->line:17] - INFO: 正在通过>>>>xpath查找元素>>>>//button[@type="button"]
2020-04-04 19:32:45,449 - [basisfunc.py-->line:17] - INFO: 正在通过>>>>xpath查找元素>>>>//input[@class="form-control username"]
2020-04-04 19:32:45,511 - [basisfunc.py-->line:17] - INFO: 正在通过>>>>xpath查找元素>>>>//input[@type="password"]
2020-04-04 19:32:45,552 - [basisfunc.py-->line:17] - INFO: 正在通过>>>>xpath查找元素>>>>//button[@type="button"]
2020-04-04 19:32:58,916 - [basisfunc.py-->line:17] - INFO: 正在通过>>>>xpath查找元素>>>>//input[@class="form-control username"]
2020-04-04 19:32:58,973 - [basisfunc.py-->line:17] - INFO: 正在通过>>>>xpath查找元素>>>>//input[@type="password"]
2020-04-04 19:32:59,019 - [basisfunc.py-->line:17] - INFO: 正在通过>>>>xpath查找元素>>>>//button[@type="button"]
2020-04-04 19:33:13,818 - [basisfunc.py-->line:17] - INFO: 正在通过>>>>xpath查找元素>>>>//input[@class="form-control username"]
2020-04-04 19:33:13,888 - [basisfunc.py-->line:17] - INFO: 正在通过>>>>xpath查找元素>>>>//input[@type="password"]
2020-04-04 19:33:13,936 - [basisfunc.py-->line:17] - INFO: 正在通过>>>>xpath查找元素>>>>//button[@type="button"]
2020-04-04 19:33:32,369 - [basisfunc.py-->line:17] - INFO: 正在通过>>>>xpath查找元素>>>>//input[@class="form-control username"]
2020-04-04 19:33:32,419 - [basisfunc.py-->line:17] - INFO: 正在通过>>>>xpath查找元素>>>>//input[@type="password"]
2020-04-04 19:33:32,464 - [basisfunc.py-->line:17] - INFO: 正在通过>>>>xpath查找元素>>>>//button[@type="button"]
2020-04-04 19:33:44,169 - [basisfunc.py-->line:17] - INFO: 正在通过>>>>xpath查找元素>>>>//input[@class="form-control username"]
2020-04-04 19:33:44,217 - [basisfunc.py-->line:17] - INFO: 正在通过>>>>xpath查找元素>>>>//input[@type="password"]
2020-04-04 19:33:44,288 - [basisfunc.py-->line:17] - INFO: 正在通过>>>>xpath查找元素>>>>//button[@type="button"]
2020-04-12 17:48:48,579 - [basisfunc.py-->line:21] - INFO: 正在通过>>>>xpath查找元素>>>>//input[@class="form-control username"]
2020-04-12 17:48:48,694 - [basisfunc.py-->line:21] - INFO: 正在通过>>>>xpath查找元素>>>>//input[@type="password"]
2020-04-12 17:48:48,770 - [basisfunc.py-->line:21] - INFO: 正在通过>>>>xpath查找元素>>>>//button[@type="button"]
2020-04-12 17:49:02,183 - [basisfunc.py-->line:21] - INFO: 正在通过>>>>xpath查找元素>>>>//a[@href="/Member/index.html"]
2020-04-12 17:49:02,221 - [basisfunc.py-->line:21] - INFO: 正在通过>>>>xpath查找元素>>>>//ul[@class="per_list_right"]//li[@class="color_sub"]
2020-04-12 17:55:37,586 - [basisfunc.py-->line:21] - INFO: 正在通过>>>>xpath查找元素>>>>//input[@class="form-control username"]
2020-04-12 17:55:37,672 - [basisfunc.py-->line:21] - INFO: 正在通过>>>>xpath查找元素>>>>//input[@type="password"]
2020-04-12 17:55:37,714 - [basisfunc.py-->line:21] - INFO: 正在通过>>>>xpath查找元素>>>>//button[@type="button"]
2020-04-12 17:56:01,642 - [basisfunc.py-->line:21] - INFO: 正在通过>>>>xpath查找元素>>>>//a[@href="/Member/index.html"]//img
2020-04-12 17:56:01,683 - [basisfunc.py-->line:21] - INFO: 正在通过>>>>xpath查找元素>>>>//ul[@class="per_list_right"]//li[@class="color_sub"]
2020-04-12 17:59:16,125 - [basisfunc.py-->line:21] - INFO: 正在通过>>>>xpath查找元素>>>>//input[@class="form-control username"]
2020-04-12 17:59:16,195 - [basisfunc.py-->line:21] - INFO: 正在通过>>>>xpath查找元素>>>>//input[@type="password"]
2020-04-12 17:59:16,240 - [basisfunc.py-->line:21] - INFO: 正在通过>>>>xpath查找元素>>>>//button[@type="button"]
2020-04-12 17:59:19,363 - [basisfunc.py-->line:21] - INFO: 正在通过>>>>xpath查找元素>>>>//a[@href="/Member/index.html"]//img
2020-04-12 17:59:19,442 - [basisfunc.py-->line:21] - INFO: 正在通过>>>>xpath查找元素>>>>//ul[@class="per_list_right"]//li[@class="color_sub"]
2020-04-12 17:59:25,412 - [basisfunc.py-->line:21] - INFO: 正在通过>>>>xpath查找元素>>>>//a[@class="btn btn-special"]
2020-04-12 17:59:26,046 - [basisfunc.py-->line:21] - INFO: 正在通过>>>>xpath查找元素>>>>//input[@class="form-control invest-unit-investinput"]
2020-04-12 17:59:29,678 - [basisfunc.py-->line:21] - INFO: 正在通过>>>>xpath查找元素>>>>//button[@class="btn btn-special height_style"]
2020-04-12 18:02:09,507 - [basisfunc.py-->line:21] - INFO: 正在通过>>>>xpath查找元素>>>>//input[@class="form-control username"]
2020-04-12 18:02:09,619 - [basisfunc.py-->line:21] - INFO: 正在通过>>>>xpath查找元素>>>>//input[@type="password"]
2020-04-12 18:02:10,207 - [basisfunc.py-->line:21] - INFO: 正在通过>>>>xpath查找元素>>>>//button[@type="button"]
2020-04-12 18:02:10,273 - [basisfunc.py-->line:21] - INFO: 正在通过>>>>xpath查找元素>>>>//a[@href="/Member/index.html"]//img
2020-04-12 18:02:10,819 - [basisfunc.py-->line:21] - INFO: 正在通过>>>>xpath查找元素>>>>//ul[@class="per_list_right"]//li[@class="color_sub"]
2020-04-12 18:03:17,308 - [basisfunc.py-->line:21] - INFO: 正在通过>>>>xpath查找元素>>>>//input[@class="form-control username"]
2020-04-12 18:03:17,363 - [basisfunc.py-->line:21] - INFO: 正在通过>>>>xpath查找元素>>>>//input[@type="password"]
2020-04-12 18:03:17,402 - [basisfunc.py-->line:21] - INFO: 正在通过>>>>xpath查找元素>>>>//button[@type="button"]
2020-04-12 18:03:18,461 - [basisfunc.py-->line:21] - INFO: 正在通过>>>>xpath查找元素>>>>//a[@href="/Member/index.html"]//img
2020-04-12 18:03:18,530 - [basisfunc.py-->line:21] - INFO: 正在通过>>>>xpath查找元素>>>>//ul[@class="per_list_right"]//li[@class="color_sub"]
2020-04-12 18:03:24,809 - [basisfunc.py-->line:21] - INFO: 正在通过>>>>xpath查找元素>>>>//a[@class="btn btn-special"]
2020-04-12 18:03:25,460 - [basisfunc.py-->line:21] - INFO: 正在通过>>>>xpath查找元素>>>>//input[@class="form-control invest-unit-investinput"]
2020-04-12 18:03:30,150 - [basisfunc.py-->line:21] - INFO: 正在通过>>>>xpath查找元素>>>>//button[@class="btn btn-special height_style"]
2020-04-12 18:44:22,398 - [basisfunc.py-->line:21] - INFO: 正在通过>>>>xpath查找元素>>>>//input[@class="form-control username"]
2020-04-12 18:44:22,493 - [basisfunc.py-->line:21] - INFO: 正在通过>>>>xpath查找元素>>>>//input[@type="password"]
2020-04-12 18:44:22,531 - [basisfunc.py-->line:21] - INFO: 正在通过>>>>xpath查找元素>>>>//button[@type="button"]
2020-04-12 18:44:23,589 - [basisfunc.py-->line:21] - INFO: 正在通过>>>>xpath查找元素>>>>//a[@href="/Member/index.html"]//img
2020-04-12 18:44:23,657 - [basisfunc.py-->line:21] - INFO: 正在通过>>>>xpath查找元素>>>>//ul[@class="per_list_right"]//li[@class="color_sub"]
2020-04-12 18:44:29,902 - [basisfunc.py-->line:21] - INFO: 正在通过>>>>xpath查找元素>>>>//a[@class="btn btn-special"]
2020-04-12 18:44:30,510 - [basisfunc.py-->line:21] - INFO: 正在通过>>>>xpath查找元素>>>>//input[@class="form-control invest-unit-investinput"]
2020-04-12 18:44:36,759 - [basisfunc.py-->line:21] - INFO: 正在通过>>>>xpath查找元素>>>>//button[@class="btn btn-special height_style"]
2020-04-12 20:38:00,698 - [basisfunc.py-->line:21] - INFO: 正在通过>>>>xpath查找元素>>>>//input[@class="form-control username"]
2020-04-12 20:38:00,776 - [basisfunc.py-->line:21] - INFO: 正在通过>>>>xpath查找元素>>>>//input[@type="password"]
2020-04-12 20:38:00,818 - [basisfunc.py-->line:21] - INFO: 正在通过>>>>xpath查找元素>>>>//button[@type="button"]
2020-04-12 20:38:01,876 - [basisfunc.py-->line:21] - INFO: 正在通过>>>>xpath查找元素>>>>//a[@href="/Member/index.html"]//img
2020-04-12 20:38:02,042 - [basisfunc.py-->line:21] - INFO: 正在通过>>>>xpath查找元素>>>>//ul[@class="per_list_right"]//li[@class="color_sub"]
2020-04-12 20:38:08,347 - [basisfunc.py-->line:21] - INFO: 正在通过>>>>xpath查找元素>>>>//a[@class="btn btn-special"]
2020-04-12 20:38:09,422 - [basisfunc.py-->line:21] - INFO: 正在通过>>>>xpath查找元素>>>>//input[@class="form-control invest-unit-investinput"]
2020-04-12 20:38:12,574 - [basisfunc.py-->line:21] - INFO: 正在通过>>>>xpath查找元素>>>>//button[@class="btn btn-special height_style"]
2020-04-12 21:13:15,804 - [basisfunc.py-->line:21] - INFO: 正在通过>>>>xpath查找元素>>>>//input[@class="form-control username"]
2020-04-12 21:13:15,897 - [basisfunc.py-->line:21] - INFO: 正在通过>>>>xpath查找元素>>>>//input[@type="password"]
2020-04-12 21:13:15,940 - [basisfunc.py-->line:21] - INFO: 正在通过>>>>xpath查找元素>>>>//button[@type="button"]
2020-04-12 21:13:16,984 - [basisfunc.py-->line:21] - INFO: 正在通过>>>>xpath查找元素>>>>//a[@href="/Member/index.html"]//img
2020-04-12 21:13:17,418 - [basisfunc.py-->line:21] - INFO: 正在通过>>>>xpath查找元素>>>>//ul[@class="per_list_right"]//li[@class="color_sub"]
2020-04-12 21:13:24,055 - [basisfunc.py-->line:21] - INFO: 正在通过>>>>xpath查找元素>>>>//a[@class="btn btn-special"]
2020-04-12 21:13:24,675 - [basisfunc.py-->line:21] - INFO: 正在通过>>>>xpath查找元素>>>>//input[@class="form-control invest-unit-investinput"]
2020-04-12 21:13:37,842 - [basisfunc.py-->line:21] - INFO: 正在通过>>>>xpath查找元素>>>>//button[@class="btn btn-special height_style"]
2020-04-12 21:13:37,924 - [basisfunc.py-->line:21] - INFO: 正在通过>>>>xpath查找元素>>>>//ul[@class="per_list_right"]//li[@class="color_sub"]
2020-04-12 21:18:34,145 - [basisfunc.py-->line:21] - INFO: 正在通过>>>>xpath查找元素>>>>//input[@class="form-control username"]
2020-04-12 21:18:34,211 - [basisfunc.py-->line:21] - INFO: 正在通过>>>>xpath查找元素>>>>//input[@type="password"]
2020-04-12 21:18:34,261 - [basisfunc.py-->line:21] - INFO: 正在通过>>>>xpath查找元素>>>>//button[@type="button"]
2020-04-12 21:18:35,325 - [basisfunc.py-->line:21] - INFO: 正在通过>>>>xpath查找元素>>>>//a[@href="/Member/index.html"]//img
2020-04-12 21:18:35,387 - [basisfunc.py-->line:21] - INFO: 正在通过>>>>xpath查找元素>>>>//ul[@class="per_list_right"]//li[@class="color_sub"]
2020-04-12 21:21:26,624 - [basisfunc.py-->line:21] - INFO: 正在通过>>>>xpath查找元素>>>>//input[@class="form-control username"]
2020-04-12 21:21:26,707 - [basisfunc.py-->line:21] - INFO: 正在通过>>>>xpath查找元素>>>>//input[@type="password"]
2020-04-12 21:21:26,753 - [basisfunc.py-->line:21] - INFO: 正在通过>>>>xpath查找元素>>>>//button[@type="button"]
2020-04-12 21:21:36,805 - [basisfunc.py-->line:21] - INFO: 正在通过>>>>xpath查找元素>>>>//a[@href="/Member/index.html"]//img
2020-04-12 21:21:36,854 - [basisfunc.py-->line:21] - INFO: 正在通过>>>>xpath查找元素>>>>//ul[@class="per_list_right"]//li[@class="color_sub"]
2020-04-12 21:21:43,053 - [basisfunc.py-->line:21] - INFO: 正在通过>>>>xpath查找元素>>>>//a[@class="btn btn-special"]
2020-04-12 21:21:43,659 - [basisfunc.py-->line:21] - INFO: 正在通过>>>>xpath查找元素>>>>//input[@class="form-control invest-unit-investinput"]
2020-04-12 21:21:56,872 - [basisfunc.py-->line:21] - INFO: 正在通过>>>>xpath查找元素>>>>//button[@class="btn btn-special height_style"]
2020-04-12 21:22:16,915 - [basisfunc.py-->line:21] - INFO: 正在通过>>>>xpath查找元素>>>>//ul[@class="per_list_right"]//li[@class="color_sub"]
2020-04-12 21:27:53,478 - [basisfunc.py-->line:21] - INFO: 正在通过>>>>xpath查找元素>>>>//input[@class="form-control username"]
2020-04-12 21:27:53,526 - [basisfunc.py-->line:21] - INFO: 正在通过>>>>xpath查找元素>>>>//input[@type="password"]
2020-04-12 21:27:53,568 - [basisfunc.py-->line:21] - INFO: 正在通过>>>>xpath查找元素>>>>//button[@type="button"]
2020-04-12 21:28:03,621 - [basisfunc.py-->line:21] - INFO: 正在通过>>>>xpath查找元素>>>>//a[@href="/Member/index.html"]//img
2020-04-12 21:28:03,687 - [basisfunc.py-->line:21] - INFO: 正在通过>>>>xpath查找元素>>>>//ul[@class="per_list_right"]//li[@class="color_sub"]
2020-04-12 21:28:10,920 - [basisfunc.py-->line:21] - INFO: 正在通过>>>>xpath查找元素>>>>//a[@class="btn btn-special"]
2020-04-12 21:28:11,554 - [basisfunc.py-->line:21] - INFO: 正在通过>>>>xpath查找元素>>>>//input[@class="form-control invest-unit-investinput"]
2020-04-12 21:28:25,616 - [basisfunc.py-->line:21] - INFO: 正在通过>>>>xpath查找元素>>>>//button[@class="btn btn-special height_style"]
2020-04-12 21:28:35,652 - [basisfunc.py-->line:21] - INFO: 正在通过>>>>xpath查找元素>>>>//div[@class="layui-layer-content"]//button
2020-04-12 21:31:13,048 - [basisfunc.py-->line:21] - INFO: 正在通过>>>>xpath查找元素>>>>//input[@class="form-control username"]
2020-04-12 21:31:13,097 - [basisfunc.py-->line:21] - INFO: 正在通过>>>>xpath查找元素>>>>//input[@type="password"]
2020-04-12 21:31:13,141 - [basisfunc.py-->line:21] - INFO: 正在通过>>>>xpath查找元素>>>>//button[@type="button"]
2020-04-12 21:31:23,196 - [basisfunc.py-->line:21] - INFO: 正在通过>>>>xpath查找元素>>>>//a[@href="/Member/index.html"]//img
2020-04-12 21:31:23,268 - [basisfunc.py-->line:21] - INFO: 正在通过>>>>xpath查找元素>>>>//ul[@class="per_list_right"]//li[@class="color_sub"]
2020-04-12 21:31:30,076 - [basisfunc.py-->line:21] - INFO: 正在通过>>>>xpath查找元素>>>>//a[@class="btn btn-special"]
2020-04-12 21:31:30,704 - [basisfunc.py-->line:21] - INFO: 正在通过>>>>xpath查找元素>>>>//input[@class="form-control invest-unit-investinput"]
2020-04-12 21:31:33,821 - [basisfunc.py-->line:21] - INFO: 正在通过>>>>xpath查找元素>>>>//button[@class="btn btn-special height_style"]
2020-04-12 21:31:43,855 - [basisfunc.py-->line:21] - INFO: 正在通过>>>>xpath查找元素>>>>//div[@class="layui-layer-content"]//button
2020-04-12 21:51:29,322 - [basisfunc.py-->line:21] - INFO: 正在通过>>>>xpath查找元素>>>>//input[@class="form-control username"]
2020-04-12 21:51:29,412 - [basisfunc.py-->line:21] - INFO: 正在通过>>>>xpath查找元素>>>>//input[@type="password"]
2020-04-12 21:51:29,455 - [basisfunc.py-->line:21] - INFO: 正在通过>>>>xpath查找元素>>>>//button[@type="button"]
2020-04-12 21:51:39,526 - [basisfunc.py-->line:21] - INFO: 正在通过>>>>xpath查找元素>>>>//a[@href="/Member/index.html"]//img
2020-04-12 21:51:39,577 - [basisfunc.py-->line:21] - INFO: 正在通过>>>>xpath查找元素>>>>//ul[@class="per_list_right"]//li[@class="color_sub"]
2020-04-12 21:51:45,772 - [basisfunc.py-->line:21] - INFO: 正在通过>>>>xpath查找元素>>>>//a[@class="btn btn-special"]
2020-04-12 21:51:46,374 - [basisfunc.py-->line:21] - INFO: 正在通过>>>>xpath查找元素>>>>//input[@class="form-control invest-unit-investinput"]
2020-04-12 21:51:50,999 - [basisfunc.py-->line:21] - INFO: 正在通过>>>>xpath查找元素>>>>//button[@class="btn btn-special height_style"]
2020-04-12 22:01:45,751 - [basisfunc.py-->line:21] - INFO: 正在通过>>>>xpath查找元素>>>>//input[@class="form-control username"]
2020-04-12 22:01:45,809 - [basisfunc.py-->line:21] - INFO: 正在通过>>>>xpath查找元素>>>>//input[@type="password"]
2020-04-12 22:01:45,846 - [basisfunc.py-->line:21] - INFO: 正在通过>>>>xpath查找元素>>>>//button[@type="button"]
2020-04-12 22:01:55,914 - [basisfunc.py-->line:21] - INFO: 正在通过>>>>xpath查找元素>>>>//a[@href="/Member/index.html"]//img
2020-04-12 22:01:55,990 - [basisfunc.py-->line:21] - INFO: 正在通过>>>>xpath查找元素>>>>//ul[@class="per_list_right"]//li[@class="color_sub"]
2020-04-12 22:02:02,159 - [basisfunc.py-->line:21] - INFO: 正在通过>>>>xpath查找元素>>>>//a[@class="btn btn-special"]
2020-04-12 22:02:02,758 - [basisfunc.py-->line:21] - INFO: 正在通过>>>>xpath查找元素>>>>//input[@class="form-control invest-unit-investinput"]
2020-04-12 22:14:50,368 - [basisfunc.py-->line:21] - INFO: 正在通过>>>>xpath查找元素>>>>//input[@class="form-control username"]
2020-04-12 22:14:50,435 - [basisfunc.py-->line:21] - INFO: 正在通过>>>>xpath查找元素>>>>//input[@type="password"]
2020-04-12 22:14:50,478 - [basisfunc.py-->line:21] - INFO: 正在通过>>>>xpath查找元素>>>>//button[@type="button"]
2020-04-12 22:15:00,542 - [basisfunc.py-->line:21] - INFO: 正在通过>>>>xpath查找元素>>>>//a[@href="/Member/index.html"]//img
2020-04-12 22:15:00,623 - [basisfunc.py-->line:21] - INFO: 正在通过>>>>xpath查找元素>>>>//ul[@class="per_list_right"]//li[@class="color_sub"]
2020-04-12 22:15:07,444 - [basisfunc.py-->line:21] - INFO: 正在通过>>>>xpath查找元素>>>>//a[@class="btn btn-special"]
2020-04-12 22:15:08,077 - [basisfunc.py-->line:21] - INFO: 正在通过>>>>xpath查找元素>>>>//input[@class="form-control invest-unit-investinput"]
2020-04-12 22:17:36,164 - [basisfunc.py-->line:21] - INFO: 正在通过>>>>xpath查找元素>>>>//input[@class="form-control username"]
2020-04-12 22:17:36,216 - [basisfunc.py-->line:21] - INFO: 正在通过>>>>xpath查找元素>>>>//input[@type="password"]
2020-04-12 22:17:36,262 - [basisfunc.py-->line:21] - INFO: 正在通过>>>>xpath查找元素>>>>//button[@type="button"]
2020-04-12 22:17:46,316 - [basisfunc.py-->line:21] - INFO: 正在通过>>>>xpath查找元素>>>>//a[@href="/Member/index.html"]//img
2020-04-12 22:17:46,364 - [basisfunc.py-->line:21] - INFO: 正在通过>>>>xpath查找元素>>>>//ul[@class="per_list_right"]//li[@class="color_sub"]
2020-04-12 22:17:52,667 - [basisfunc.py-->line:21] - INFO: 正在通过>>>>xpath查找元素>>>>//a[@class="btn btn-special"]
2020-04-12 22:17:53,277 - [basisfunc.py-->line:21] - INFO: 正在通过>>>>xpath查找元素>>>>//input[@class="form-control invest-unit-investinput"]
2020-04-12 22:30:17,568 - [basisfunc.py-->line:21] - INFO: 正在通过>>>>xpath查找元素>>>>//input[@class="form-control username"]
2020-04-12 22:30:17,632 - [basisfunc.py-->line:21] - INFO: 正在通过>>>>xpath查找元素>>>>//input[@type="password"]
2020-04-12 22:30:17,673 - [basisfunc.py-->line:21] - INFO: 正在通过>>>>xpath查找元素>>>>//button[@type="button"]
2020-04-12 22:30:27,735 - [basisfunc.py-->line:21] - INFO: 正在通过>>>>xpath查找元素>>>>//a[@href="/Member/index.html"]//img
2020-04-12 22:30:27,798 - [basisfunc.py-->line:21] - INFO: 正在通过>>>>xpath查找元素>>>>//ul[@class="per_list_right"]//li[@class="color_sub"]
2020-04-12 22:30:34,646 - [basisfunc.py-->line:21] - INFO: 正在通过>>>>xpath查找元素>>>>//a[@class="btn btn-special"]
2020-04-12 22:30:35,279 - [basisfunc.py-->line:21] - INFO: 正在通过>>>>xpath查找元素>>>>//input[@class="form-control invest-unit-investinput"]
2020-04-12 22:30:38,454 - [basisfunc.py-->line:21] - INFO: 正在通过>>>>xpath查找元素>>>>//button[@class="btn btn-special height_style"]
2020-04-12 22:36:02,495 - [basisfunc.py-->line:21] - INFO: 正在通过>>>>xpath查找元素>>>>//input[@class="form-control username"]
2020-04-12 22:36:02,554 - [basisfunc.py-->line:21] - INFO: 正在通过>>>>xpath查找元素>>>>//input[@type="password"]
2020-04-12 22:36:02,593 - [basisfunc.py-->line:21] - INFO: 正在通过>>>>xpath查找元素>>>>//button[@type="button"]
2020-04-12 22:36:12,652 - [basisfunc.py-->line:21] - INFO: 正在通过>>>>xpath查找元素>>>>//a[@href="/Member/index.html"]//img
2020-04-12 22:36:12,750 - [basisfunc.py-->line:21] - INFO: 正在通过>>>>xpath查找元素>>>>//ul[@class="per_list_right"]//li[@class="color_sub"]
2020-04-12 22:36:19,065 - [basisfunc.py-->line:21] - INFO: 正在通过>>>>xpath查找元素>>>>//a[@class="btn btn-special"]
2020-04-12 22:36:19,686 - [basisfunc.py-->line:21] - INFO: 正在通过>>>>xpath查找元素>>>>//input[@class="form-control invest-unit-investinput"]
2020-04-12 22:37:59,025 - [basisfunc.py-->line:21] - INFO: 正在通过>>>>xpath查找元素>>>>//input[@class="form-control username"]
2020-04-12 22:37:59,100 - [basisfunc.py-->line:21] - INFO: 正在通过>>>>xpath查找元素>>>>//input[@type="password"]
2020-04-12 22:37:59,998 - [basisfunc.py-->line:21] - INFO: 正在通过>>>>xpath查找元素>>>>//button[@type="button"]
2020-04-12 22:38:10,062 - [basisfunc.py-->line:21] - INFO: 正在通过>>>>xpath查找元素>>>>//a[@href="/Member/index.html"]//img
2020-04-12 22:38:10,161 - [basisfunc.py-->line:21] - INFO: 正在通过>>>>xpath查找元素>>>>//ul[@class="per_list_right"]//li[@class="color_sub"]
2020-04-12 22:38:16,371 - [basisfunc.py-->line:21] - INFO: 正在通过>>>>xpath查找元素>>>>//a[@class="btn btn-special"]
2020-04-12 22:38:17,092 - [basisfunc.py-->line:21] - INFO: 正在通过>>>>xpath查找元素>>>>//input[@class="form-control invest-unit-investinput"]
2020-04-12 22:48:22,769 - [basisfunc.py-->line:21] - INFO: 正在通过>>>>xpath查找元素>>>>//input[@class="form-control username"]
2020-04-12 22:48:22,822 - [basisfunc.py-->line:21] - INFO: 正在通过>>>>xpath查找元素>>>>//input[@type="password"]
2020-04-12 22:48:22,860 - [basisfunc.py-->line:21] - INFO: 正在通过>>>>xpath查找元素>>>>//button[@type="button"]
2020-04-12 22:48:32,920 - [basisfunc.py-->line:21] - INFO: 正在通过>>>>xpath查找元素>>>>//a[@href="/Member/index.html"]//img
2020-04-12 22:48:33,005 - [basisfunc.py-->line:21] - INFO: 正在通过>>>>xpath查找元素>>>>//ul[@class="per_list_right"]//li[@class="color_sub"]
2020-04-12 22:48:38,789 - [basisfunc.py-->line:21] - INFO: 正在通过>>>>xpath查找元素>>>>//a[@class="btn btn-special"]
2020-04-12 22:48:39,396 - [basisfunc.py-->line:21] - INFO: 正在通过>>>>xpath查找元素>>>>//input[@class="form-control invest-unit-investinput"]
2020-04-12 22:48:52,642 - [basisfunc.py-->line:21] - INFO: 正在通过>>>>xpath查找元素>>>>//div[@class="capital_allot"]
2020-04-12 22:51:34,364 - [basisfunc.py-->line:21] - INFO: 正在通过>>>>xpath查找元素>>>>//input[@class="form-control username"]
2020-04-12 22:51:34,432 - [basisfunc.py-->line:21] - INFO: 正在通过>>>>xpath查找元素>>>>//input[@type="password"]
2020-04-12 22:51:34,471 - [basisfunc.py-->line:21] - INFO: 正在通过>>>>xpath查找元素>>>>//button[@type="button"]
2020-04-12 22:51:44,532 - [basisfunc.py-->line:21] - INFO: 正在通过>>>>xpath查找元素>>>>//a[@href="/Member/index.html"]//img
2020-04-12 22:51:44,609 - [basisfunc.py-->line:21] - INFO: 正在通过>>>>xpath查找元素>>>>//ul[@class="per_list_right"]//li[@class="color_sub"]
2020-04-12 22:51:51,310 - [basisfunc.py-->line:21] - INFO: 正在通过>>>>xpath查找元素>>>>//a[@class="btn btn-special"]
2020-04-12 22:51:51,956 - [basisfunc.py-->line:21] - INFO: 正在通过>>>>xpath查找元素>>>>//input[@class="form-control invest-unit-investinput"]
2020-04-12 22:54:24,185 - [basisfunc.py-->line:21] - INFO: 正在通过>>>>xpath查找元素>>>>//input[@class="form-control username"]
2020-04-12 22:54:24,246 - [basisfunc.py-->line:21] - INFO: 正在通过>>>>xpath查找元素>>>>//input[@type="password"]
2020-04-12 22:54:24,285 - [basisfunc.py-->line:21] - INFO: 正在通过>>>>xpath查找元素>>>>//button[@type="button"]
2020-04-12 22:54:34,344 - [basisfunc.py-->line:21] - INFO: 正在通过>>>>xpath查找元素>>>>//a[@href="/Member/index.html"]//img
2020-04-12 22:54:34,410 - [basisfunc.py-->line:21] - INFO: 正在通过>>>>xpath查找元素>>>>//ul[@class="per_list_right"]//li[@class="color_sub"]
2020-04-12 22:54:41,109 - [basisfunc.py-->line:21] - INFO: 正在通过>>>>xpath查找元素>>>>//a[@class="btn btn-special"]
2020-04-12 22:54:41,714 - [basisfunc.py-->line:21] - INFO: 正在通过>>>>xpath查找元素>>>>//input[@class="form-control invest-unit-investinput"]
2020-04-13 10:17:16,318 - [basisfunc.py-->line:21] - INFO: 正在通过>>>>xpath查找元素>>>>//input[@class="form-control username"]
2020-04-13 10:17:16,921 - [basisfunc.py-->line:21] - INFO: 正在通过>>>>xpath查找元素>>>>//input[@type="password"]
2020-04-13 10:17:17,203 - [basisfunc.py-->line:21] - INFO: 正在通过>>>>xpath查找元素>>>>//button[@type="button"]
2020-04-13 10:17:27,454 - [basisfunc.py-->line:21] - INFO: 正在通过>>>>xpath查找元素>>>>//a[@href="/Member/index.html"]//img
2020-04-13 10:18:07,675 - [basisfunc.py-->line:21] - INFO: 正在通过>>>>xpath查找元素>>>>//ul[@class="per_list_right"]//li[@class="color_sub"]
2020-04-13 10:18:28,848 - [basisfunc.py-->line:21] - INFO: 正在通过>>>>xpath查找元素>>>>//a[@class="btn btn-special"]
2020-04-13 10:18:53,068 - [basisfunc.py-->line:21] - INFO: 正在通过>>>>xpath查找元素>>>>//input[@class="form-control invest-unit-investinput"]
2020-04-13 10:51:58,816 - [basisfunc.py-->line:21] - INFO: 正在通过>>>>xpath查找元素>>>>//input[@class="form-control username"]
2020-04-13 10:51:58,987 - [basisfunc.py-->line:21] - INFO: 正在通过>>>>xpath查找元素>>>>//input[@type="password"]
2020-04-13 10:51:59,064 - [basisfunc.py-->line:21] - INFO: 正在通过>>>>xpath查找元素>>>>//button[@type="button"]
2020-04-13 10:52:09,366 - [basisfunc.py-->line:21] - INFO: 正在通过>>>>xpath查找元素>>>>//a[@href="/Member/index.html"]//img
2020-04-13 10:52:50,618 - [basisfunc.py-->line:21] - INFO: 正在通过>>>>xpath查找元素>>>>//ul[@class="per_list_right"]//li[@class="color_sub"]
2020-04-13 10:53:12,060 - [basisfunc.py-->line:21] - INFO: 正在通过>>>>xpath查找元素>>>>//a[@class="btn btn-special"]
2020-04-13 10:53:36,586 - [basisfunc.py-->line:21] - INFO: 正在通过>>>>xpath查找元素>>>>//input[@class="form-control invest-unit-investinput"]
2020-04-13 10:53:36,647 - [basisfunc.py-->line:21] - INFO: 正在通过>>>>xpath查找元素>>>>//button[@class="btn btn-special height_style"]
2020-04-13 10:53:46,776 - [basisfunc.py-->line:21] - INFO: 正在通过>>>>xpath查找元素>>>>//div[@class="capital_allot"]
2020-04-13 10:56:12,709 - [basisfunc.py-->line:21] - INFO: 正在通过>>>>xpath查找元素>>>>//input[@class="form-control username"]
2020-04-13 10:56:12,814 - [basisfunc.py-->line:21] - INFO: 正在通过>>>>xpath查找元素>>>>//input[@type="password"]
2020-04-13 10:56:12,885 - [basisfunc.py-->line:21] - INFO: 正在通过>>>>xpath查找元素>>>>//button[@type="button"]
2020-04-13 10:56:23,179 - [basisfunc.py-->line:21] - INFO: 正在通过>>>>xpath查找元素>>>>//a[@href="/Member/index.html"]//img
2020-04-13 10:57:02,157 - [basisfunc.py-->line:21] - INFO: 正在通过>>>>xpath查找元素>>>>//ul[@class="per_list_right"]//li[@class="color_sub"]
2020-04-13 10:57:23,341 - [basisfunc.py-->line:21] - INFO: 正在通过>>>>xpath查找元素>>>>//a[@class="btn btn-special"]
2020-04-13 10:57:48,902 - [basisfunc.py-->line:21] - INFO: 正在通过>>>>xpath查找元素>>>>//input[@class="form-control invest-unit-investinput"]
2020-04-13 10:57:48,962 - [basisfunc.py-->line:21] - INFO: 正在通过>>>>xpath查找元素>>>>//button[@class="btn btn-special height_style"]
